 ************************************************************************
 **                                                                    **
 **                                                                    **
 **                     Altair OptiStruct(TM) 2020                     **
 **                                                                    **
 **             Advanced Engineering Analysis, Design and              **
 **        Optimization Software from Altair Engineering, Inc.         **
 **                                                                    **
 **                                                                    **
 **             Windows 10  (Build 9200)  DESKTOP-GR4258B              **
 **            24 CPU:  AMD Ryzen 9 5900X 12-Core Processor            **
 **                    37073 MB RAM,  56268 MB swap                    **
 **                                                                    **
 ** Build: 1016781c0133200_Ce64RB68UH14M:175184-000  60040000000200040 **
 ************************************************************************
 **  COPYRIGHT (C) 1996-2020                 Altair Engineering, Inc.  **
 ** All Rights Reserved.  Copyright notice does not imply publication. **
 **         Contains trade secrets of Altair Engineering, Inc.         **
 ** Decompilation or disassembly of this software strictly prohibited. **
 ************************************************************************
 
  
 NOTE # 9199
 MSGLMT=STRICT is active, all messages will be printed.
 You can suppress some less important warning messages by use of
  MSGLMT=BRIEF or UNREF (in config file or in the input data).
  
 *** WARNING # 1200
 Incorrect or inconsistent data found in $HMxx cards.
  (Obsolete data format or problems because of manual editing.).
  All HyperMesh specific data will be skipped from input files.
  Component information in the output file will be missing.
  To rebuild this information - read back and recreate input file
  using HyperMesh.  This happened in line 114457 of file 
	"Solution.fem":
 $HMNAME PROP               1 "SLBody_1" 5
  
  
 

************************************************************************

OPTIMIZATION FILE AND PARAMETER INFORMATION :
---------------------------------------------

  FEM model file               : Solution.fem
  Output files prefix          : Solution
  Model read from files:
 (*1)	    Solution.fem

************************************************************************

 

************************************************************************

FINITE ELEMENT MODEL DATA INFORMATION :
---------------------------------------

  Total # of Grids (Structural)        :     57222
  Total # of Elements                  :     50000
  Total # of Degrees of Freedom        :    163863
  (Structural)
  Total # of Non-zero Stiffness Terms  :   6135597

 
  Element Type Information
  ------------------------

   CHEXA    Elements   :    50000

  Load and Boundary Information
  -----------------------------

   FORCE Sets        :         2
   SPC   Sets        :         2

  Material and Property Information
  ---------------------------------

   PSOLID Cards      :         2
   MAT1   Cards      :         1

************************************************************************

 

************************************************************************

OPTIMIZATION PROBLEM PARAMETERS :
---------------------------------

 NO DESIGN MATERIAL OR DESIGN VARIABLES FOUND  : ANALYSIS ONLY

   ------------------------
   Static Subcase Summary :
   ------------------------

   ----------   --------  -------  --------------------- 
   Subcase ID    SPC ID   LOAD ID  Preloading Subcase ID
   ----------   --------  -------  --------------------- 
        1            5          4
   ----------   --------  -------  --------------------- 

   Run Type                        :   Analysis Only (No design elements)
   Run at location                 : C:/Users/break/AppData/Local/Temp/SimLab/SimLab_2021/Temp/temp_1805/SolverRun/Solution/
   Scratch file directory          : C:/Users/break/AppData/Local/Temp/SimLab/SimLab_2021/Temp/temp_1805/SolverRun/Solution/
                                     Free space:   351.354 GB
   Number of CPU processors        :         24


************************************************************************

 

************************************************************************

MEMORY ESTIMATION INFORMATION :
-------------------------------

 Solver Type is:  Sparse-Matrix Solver
                  Direct Method
 
 Memory (RAM) Allocated in Preprocessor                  :    1275 MB
 Estimated Memory (RAM) for Out of Core Solution         :     296 MB
 Estimated Memory (RAM) for In-Core Solution             :    1275 MB
 
DISK SPACE ESTIMATION INFORMATION :
-----------------------------------

 Estimated Disk Space for Output Data Files              :      14 MB
 Estimated Scratch Disk Space for In-Core Solution       :     201 MB
 Estimated Scratch Disk Space for Out of Core Solution   :    1563 MB

************************************************************************


BEGINNING ANALYSIS SOLUTION ....


************************************************************************

ANALYSIS RESULTS :
------------------

  
ITERATION   0
  
 (Scratch disk space usage for starting iteration = 126 MB)
  
 *** WARNING # 312
 In static load case 1 
 the compliance is negative or large 3.31841e+10.
 Optimization/buckling analysis cannot be performed.
 due to possible rigid body mode.
(Running in-core solution)

Volume                              =  5.00000E-05   Mass     =  3.92500E-01

 Subcase   Compliance     Epsilon
       1  3.318411E+10  6.843718E-03

Note : Epsilon = Residual Strain Energy Ratio.


************************************************************************
  
 ANALYSIS COMPLETED.
  

************************************************************************

RESOURCE USAGE INFORMATION
--------------------------

 MAXIMUM MEMORY USED                                      1275 MB
   IN ADDITION     39 MB MEMORY WAS ALLOCATED FOR TEMPORARY USE
 MAXIMUM DISK SPACE USED                                   259 MB

************************************************************************


************************************************************************

COMPUTE TIME INFORMATION
------------------------

 EXECUTION STARTED                         Tue Jun 22 10:39:56 2021    
 EXECUTION COMPLETED                       Tue Jun 22 10:40:10 2021    
 ELAPSED TIME                                         00:00:13
 CPU TIME                                             00:01:14

************************************************************************

  
                        ***** END OF REPORT *****
  
 For Useful OptiStruct Tips and Tricks, go to the URL:
 http://www.altairhyperworks.com/tips.aspx
